Flutter crash report.
Please report a bug at https://github.com/flutter/flutter/issues.

## command

flutter run

## exception

FileSystemException: FileSystemException: Exists failed, path = 'D:\Research Project\Project\2023-131\assets\images\banana.png\' (OS Error: The filename, directory name, or volume label syntax is incorrect.
, errno = 123)

```
#0      _Directory.existsSync (dart:io/directory_impl.dart:92:7)
#1      ForwardingFileSystemEntity.existsSync (package:file/src/forwarding/forwarding_file_system_entity.dart:43:33)
#2      ErrorHandlingDirectory.existsSync.<anonymous closure> (package:flutter_tools/src/base/error_handling_io.dart:492:22)
#3      _runSync (package:flutter_tools/src/base/error_handling_io.dart:590:14)
#4      ErrorHandlingDirectory.existsSync (package:flutter_tools/src/base/error_handling_io.dart:491:12)
#5      ManifestAssetBundle._parseAssetsFromFolder (package:flutter_tools/src/asset.dart:889:47)
#6      ManifestAssetBundle._parseAssets (package:flutter_tools/src/asset.dart:802:9)
#7      ManifestAssetBundle.build (package:flutter_tools/src/asset.dart:262:54)
<asynchronous suspension>
#8      ResidentWebRunner._updateDevFS (package:flutter_tools/src/isolated/resident_web_runner.dart:502:26)
<asynchronous suspension>
#9      ResidentWebRunner.restart (package:flutter_tools/src/isolated/resident_web_runner.dart:384:37)
<asynchronous suspension>
#10     TerminalHandler._commonTerminalInputHandler (package:flutter_tools/src/resident_runner.dart:1768:40)
<asynchronous suspension>
#11     TerminalHandler.processTerminalInput (package:flutter_tools/src/resident_runner.dart:1821:7)
<asynchronous suspension>
```

## flutter doctor

```
[32m[✓][39m Flutter (Channel stable, 3.10.1, on Microsoft Windows [Version 10.0.19045.2965], locale en-US)
    [32m•[39m Flutter version 3.10.1 on channel stable at D:\SOFTWARES\flutter\flutter
    [32m•[39m Upstream repository https://github.com/flutter/flutter.git
    [32m•[39m Framework revision d3d8effc68 (4 days ago), 2023-05-16 17:59:05 -0700
    [32m•[39m Engine revision b4fb11214d
    [32m•[39m Dart version 3.0.1
    [32m•[39m DevTools version 2.23.1

[32m[✓][39m Windows Version (Installed version of Windows is version 10 or higher)

[32m[✓][39m Android toolchain - develop for Android devices (Android SDK version 33.0.2)
    [32m•[39m Android SDK at D:\SOFTWARES\Android\Sdk
    [32m•[39m Platform android-33-ext4, build-tools 33.0.2
    [32m•[39m ANDROID_HOME = D:\SOFTWARES\Android\Sdk
    [32m•[39m Java binary at: D:\SOFTWARES\Android\Android Studio\jbr\bin\java
    [32m•[39m Java version OpenJDK Runtime Environment (build 11.0.15+0-b2043.56-9505619)
    [32m•[39m All Android licenses accepted.

[32m[✓][39m Chrome - develop for the web
    [32m•[39m Chrome at C:\Program Files\Google\Chrome\Application\chrome.exe

[32m[✓][39m Android Studio (version 2022.1)
    [32m•[39m Android Studio at D:\SOFTWARES\Android\Android Studio
    [32m•[39m Flutter plugin can be installed from:
      🔨 https://plugins.jetbrains.com/plugin/9212-flutter
    [32m•[39m Dart plugin can be installed from:
      🔨 https://plugins.jetbrains.com/plugin/6351-dart
    [32m•[39m Java version OpenJDK Runtime Environment (build 11.0.15+0-b2043.56-9505619)

[32m[✓][39m Connected device (2 available)
    [32m•[39m Chrome (web) • chrome • web-javascript • Google Chrome 113.0.5672.127
    [32m•[39m Edge (web)   • edge   • web-javascript • Microsoft Edge 113.0.1774.50

[32m[✓][39m Network resources
    [32m•[39m All expected network resources are available.

[32m•[39m No issues found!
```
